<?xml version="1.0" encoding="UTF-8"?>
<coverage generated="1648091878277" clover="3.2.0">
  <project timestamp="1648091878278" name="All files">
    <metrics statements="32" coveredstatements="32" conditionals="8" coveredconditionals="8" methods="2" coveredmethods="2" elements="42" coveredelements="42" complexity="0" loc="32" ncloc="32" packages="1" files="2" classes="2"/>
    <file name="AONJ - 4 - sum of 2 element in array.js" path="C:\Users\ngoxu\Desktop\Training JS\AONJ4\AONJ - 4 - sum of 2 element in array.js">
      <metrics statements="15" coveredstatements="15" conditionals="4" coveredconditionals="4" methods="1" coveredmethods="1"/>
      <line num="1" count="1" type="stmt"/>
      <line num="4" count="4" type="stmt"/>
      <line num="5" count="4" type="stmt"/>
      <line num="6" count="4" type="stmt"/>
      <line num="7" count="4" type="stmt"/>
      <line num="8" count="17" type="cond" truecount="2" falsecount="0"/>
      <line num="9" count="4" type="stmt"/>
      <line num="10" count="4" type="stmt"/>
      <line num="11" count="4" type="stmt"/>
      <line num="14" count="13" type="cond" truecount="2" falsecount="0"/>
      <line num="15" count="7" type="stmt"/>
      <line num="17" count="6" type="stmt"/>
      <line num="20" count="4" type="stmt"/>
      <line num="22" count="1" type="stmt"/>
      <line num="23" count="1" type="stmt"/>
    </file>
    <file name="AONJ - 4 - sum of 3 element in array.js" path="C:\Users\ngoxu\Desktop\Training JS\AONJ4\AONJ - 4 - sum of 3 element in array.js">
      <metrics statements="17" coveredstatements="17" conditionals="4" coveredconditionals="4" methods="1" coveredmethods="1"/>
      <line num="2" count="3" type="stmt"/>
      <line num="3" count="3" type="stmt"/>
      <line num="4" count="3" type="stmt"/>
      <line num="5" count="12" type="stmt"/>
      <line num="6" count="12" type="stmt"/>
      <line num="7" count="12" type="stmt"/>
      <line num="8" count="29" type="stmt"/>
      <line num="9" count="29" type="cond" truecount="2" falsecount="0"/>
      <line num="10" count="2" type="stmt"/>
      <line num="11" count="2" type="stmt"/>
      <line num="12" count="2" type="stmt"/>
      <line num="15" count="27" type="cond" truecount="2" falsecount="0"/>
      <line num="16" count="17" type="stmt"/>
      <line num="18" count="10" type="stmt"/>
      <line num="21" count="12" type="stmt"/>
      <line num="24" count="3" type="stmt"/>
      <line num="26" count="1" type="stmt"/>
    </file>
  </project>
</coverage>
