{"C:\\Users\\ngoxu\\Desktop\\Training JS\\AONJ4\\AONJ - 4 - sum of 2 element in array.js": {"path":"C:\\Users\\ngoxu\\Desktop\\Training JS\\AONJ4\\AONJ - 4 - sum of 2 element in array.js","statementMap":{"0":{"start":{"line":1,"column":12},"end":{"line":1,"column":31}},"1":{"start":{"line":4,"column":18},"end":{"line":4,"column":20}},"2":{"start":{"line":5,"column":13},"end":{"line":5,"column":14}},"3":{"start":{"line":6,"column":13},"end":{"line":6,"column":27}},"4":{"start":{"line":7,"column":5},"end":{"line":19,"column":6}},"5":{"start":{"line":8,"column":10},"end":{"line":18,"column":11}},"6":{"start":{"line":9,"column":15},"end":{"line":9,"column":44}},"7":{"start":{"line":10,"column":15},"end":{"line":10,"column":19}},"8":{"start":{"line":11,"column":15},"end":{"line":11,"column":19}},"9":{"start":{"line":14,"column":15},"end":{"line":17,"column":24}},"10":{"start":{"line":15,"column":20},"end":{"line":15,"column":24}},"11":{"start":{"line":17,"column":20},"end":{"line":17,"column":24}},"12":{"start":{"line":20,"column":5},"end":{"line":20,"column":19}},"13":{"start":{"line":22,"column":0},"end":{"line":22,"column":38}},"14":{"start":{"line":23,"column":0},"end":{"line":23,"column":34}}},"fnMap":{"0":{"name":"getSumof2element","decl":{"start":{"line":3,"column":9},"end":{"line":3,"column":25}},"loc":{"start":{"line":3,"column":39},"end":{"line":21,"column":1}},"line":3}},"branchMap":{"0":{"loc":{"start":{"line":8,"column":10},"end":{"line":18,"column":11}},"type":"if","locations":[{"start":{"line":8,"column":10},"end":{"line":18,"column":11}},{"start":{"line":13,"column":15},"end":{"line":18,"column":11}}],"line":8},"1":{"loc":{"start":{"line":14,"column":15},"end":{"line":17,"column":24}},"type":"if","locations":[{"start":{"line":14,"column":15},"end":{"line":17,"column":24}},{"start":{"line":17,"column":20},"end":{"line":17,"column":24}}],"line":14}},"s":{"0":1,"1":4,"2":4,"3":4,"4":4,"5":17,"6":4,"7":4,"8":4,"9":13,"10":7,"11":6,"12":4,"13":1,"14":1},"f":{"0":4},"b":{"0":[4,13],"1":[7,6]},"_coverageSchema":"1a1c01bbd47fc00a2c39e90264f33305004495a9","hash":"85ae9fa949738495c95d832be3bfef14cf52009d"}
,"C:\\Users\\ngoxu\\Desktop\\Training JS\\AONJ4\\AONJ - 4 - sum of 3 element in array.js": {"path":"C:\\Users\\ngoxu\\Desktop\\Training JS\\AONJ4\\AONJ - 4 - sum of 3 element in array.js","statementMap":{"0":{"start":{"line":2,"column":18},"end":{"line":2,"column":20}},"1":{"start":{"line":3,"column":13},"end":{"line":3,"column":14}},"2":{"start":{"line":4,"column":5},"end":{"line":23,"column":6}},"3":{"start":{"line":5,"column":18},"end":{"line":5,"column":23}},"4":{"start":{"line":6,"column":18},"end":{"line":6,"column":32}},"5":{"start":{"line":7,"column":10},"end":{"line":20,"column":11}},"6":{"start":{"line":8,"column":15},"end":{"line":8,"column":44}},"7":{"start":{"line":9,"column":15},"end":{"line":19,"column":16}},"8":{"start":{"line":10,"column":20},"end":{"line":10,"column":57}},"9":{"start":{"line":11,"column":20},"end":{"line":11,"column":24}},"10":{"start":{"line":12,"column":20},"end":{"line":12,"column":24}},"11":{"start":{"line":15,"column":20},"end":{"line":18,"column":29}},"12":{"start":{"line":16,"column":25},"end":{"line":16,"column":29}},"13":{"start":{"line":18,"column":25},"end":{"line":18,"column":29}},"14":{"start":{"line":21,"column":10},"end":{"line":21,"column":14}},"15":{"start":{"line":24,"column":5},"end":{"line":24,"column":19}},"16":{"start":{"line":26,"column":0},"end":{"line":26,"column":34}}},"fnMap":{"0":{"name":"getSumof3element","decl":{"start":{"line":1,"column":9},"end":{"line":1,"column":25}},"loc":{"start":{"line":1,"column":39},"end":{"line":25,"column":1}},"line":1}},"branchMap":{"0":{"loc":{"start":{"line":9,"column":15},"end":{"line":19,"column":16}},"type":"if","locations":[{"start":{"line":9,"column":15},"end":{"line":19,"column":16}},{"start":{"line":14,"column":20},"end":{"line":19,"column":16}}],"line":9},"1":{"loc":{"start":{"line":15,"column":20},"end":{"line":18,"column":29}},"type":"if","locations":[{"start":{"line":15,"column":20},"end":{"line":18,"column":29}},{"start":{"line":18,"column":25},"end":{"line":18,"column":29}}],"line":15}},"s":{"0":3,"1":3,"2":3,"3":12,"4":12,"5":12,"6":29,"7":29,"8":2,"9":2,"10":2,"11":27,"12":17,"13":10,"14":12,"15":3,"16":1},"f":{"0":3},"b":{"0":[2,27],"1":[17,10]},"_coverageSchema":"1a1c01bbd47fc00a2c39e90264f33305004495a9","hash":"fb26a9f5b16a4f4722c5ee432aed1b5951959ec1"}
}
