{"C:\\Users\\ngoxu\\Desktop\\Training JS\\AONJ4\\AONJ - 4 - sum of 2 element in array.js": {"path":"C:\\Users\\ngoxu\\Desktop\\Training JS\\AONJ4\\AONJ - 4 - sum of 2 element in array.js","statementMap":{"0":{"start":{"line":2,"column":18},"end":{"line":2,"column":20}},"1":{"start":{"line":3,"column":16},"end":{"line":3,"column":17}},"2":{"start":{"line":4,"column":17},"end":{"line":4,"column":31}},"3":{"start":{"line":5,"column":5},"end":{"line":17,"column":6}},"4":{"start":{"line":6,"column":10},"end":{"line":6,"column":36}},"5":{"start":{"line":7,"column":10},"end":{"line":16,"column":28}},"6":{"start":{"line":8,"column":15},"end":{"line":8,"column":51}},"7":{"start":{"line":9,"column":15},"end":{"line":9,"column":22}},"8":{"start":{"line":10,"column":15},"end":{"line":10,"column":23}},"9":{"start":{"line":13,"column":15},"end":{"line":16,"column":28}},"10":{"start":{"line":14,"column":20},"end":{"line":14,"column":27}},"11":{"start":{"line":16,"column":20},"end":{"line":16,"column":28}},"12":{"start":{"line":18,"column":5},"end":{"line":18,"column":19}},"13":{"start":{"line":20,"column":0},"end":{"line":20,"column":34}}},"fnMap":{"0":{"name":"getSumof2element","decl":{"start":{"line":1,"column":9},"end":{"line":1,"column":25}},"loc":{"start":{"line":1,"column":39},"end":{"line":19,"column":1}},"line":1}},"branchMap":{"0":{"loc":{"start":{"line":7,"column":10},"end":{"line":16,"column":28}},"type":"if","locations":[{"start":{"line":7,"column":10},"end":{"line":16,"column":28}},{"start":{"line":13,"column":15},"end":{"line":16,"column":28}}],"line":7},"1":{"loc":{"start":{"line":13,"column":15},"end":{"line":16,"column":28}},"type":"if","locations":[{"start":{"line":13,"column":15},"end":{"line":16,"column":28}},{"start":{"line":16,"column":20},"end":{"line":16,"column":28}}],"line":13}},"s":{"0":3,"1":3,"2":3,"3":3,"4":13,"5":13,"6":3,"7":3,"8":3,"9":10,"10":6,"11":4,"12":3,"13":1},"f":{"0":3},"b":{"0":[3,10],"1":[6,4]},"_coverageSchema":"1a1c01bbd47fc00a2c39e90264f33305004495a9","hash":"ba3e5ceec682833a0e10bb49036db52ca2b9843d"}
,"C:\\Users\\ngoxu\\Desktop\\Training JS\\AONJ4\\AONJ - 4 - sum of 3 element in array.js": {"path":"C:\\Users\\ngoxu\\Desktop\\Training JS\\AONJ4\\AONJ - 4 - sum of 3 element in array.js","statementMap":{"0":{"start":{"line":2,"column":18},"end":{"line":2,"column":20}},"1":{"start":{"line":3,"column":16},"end":{"line":3,"column":17}},"2":{"start":{"line":4,"column":5},"end":{"line":21,"column":6}},"3":{"start":{"line":5,"column":20},"end":{"line":5,"column":28}},"4":{"start":{"line":6,"column":22},"end":{"line":6,"column":36}},"5":{"start":{"line":7,"column":10},"end":{"line":19,"column":11}},"6":{"start":{"line":8,"column":15},"end":{"line":8,"column":55}},"7":{"start":{"line":9,"column":15},"end":{"line":18,"column":33}},"8":{"start":{"line":10,"column":20},"end":{"line":10,"column":66}},"9":{"start":{"line":11,"column":20},"end":{"line":11,"column":26}},"10":{"start":{"line":12,"column":20},"end":{"line":12,"column":28}},"11":{"start":{"line":15,"column":20},"end":{"line":18,"column":33}},"12":{"start":{"line":16,"column":25},"end":{"line":16,"column":31}},"13":{"start":{"line":18,"column":25},"end":{"line":18,"column":33}},"14":{"start":{"line":20,"column":10},"end":{"line":20,"column":17}},"15":{"start":{"line":22,"column":5},"end":{"line":22,"column":19}},"16":{"start":{"line":24,"column":0},"end":{"line":24,"column":34}}},"fnMap":{"0":{"name":"getSumof3element","decl":{"start":{"line":1,"column":9},"end":{"line":1,"column":25}},"loc":{"start":{"line":1,"column":39},"end":{"line":23,"column":1}},"line":1}},"branchMap":{"0":{"loc":{"start":{"line":9,"column":15},"end":{"line":18,"column":33}},"type":"if","locations":[{"start":{"line":9,"column":15},"end":{"line":18,"column":33}},{"start":{"line":15,"column":20},"end":{"line":18,"column":33}}],"line":9},"1":{"loc":{"start":{"line":15,"column":20},"end":{"line":18,"column":33}},"type":"if","locations":[{"start":{"line":15,"column":20},"end":{"line":18,"column":33}},{"start":{"line":18,"column":25},"end":{"line":18,"column":33}}],"line":15}},"s":{"0":3,"1":3,"2":3,"3":12,"4":12,"5":12,"6":29,"7":29,"8":2,"9":2,"10":2,"11":27,"12":17,"13":10,"14":12,"15":3,"16":1},"f":{"0":3},"b":{"0":[2,27],"1":[17,10]},"_coverageSchema":"1a1c01bbd47fc00a2c39e90264f33305004495a9","hash":"7970357f7b9d9267c2bf2dae32e20a8ebabb0fd2"}
}
