TN:
SF:AONJ - 4 - sum of 2 element in array.js
FN:3,getSumof2element
FNF:1
FNH:1
FNDA:4,getSumof2element
DA:1,1
DA:4,4
DA:5,4
DA:6,4
DA:7,4
DA:8,17
DA:9,4
DA:10,4
DA:11,4
DA:14,13
DA:15,7
DA:17,6
DA:20,4
DA:22,1
DA:23,1
LF:15
LH:15
BRDA:8,0,0,4
BRDA:8,0,1,13
BRDA:14,1,0,7
BRDA:14,1,1,6
BRF:4
BRH:4
end_of_record
TN:
SF:AONJ - 4 - sum of 3 element in array.js
FN:1,getSumof3element
FNF:1
FNH:1
FNDA:3,getSumof3element
DA:2,3
DA:3,3
DA:4,3
DA:5,12
DA:6,12
DA:7,12
DA:8,29
DA:9,29
DA:10,2
DA:11,2
DA:12,2
DA:15,27
DA:16,17
DA:18,10
DA:21,12
DA:24,3
DA:26,1
LF:17
LH:17
BRDA:9,0,0,2
BRDA:9,0,1,27
BRDA:15,1,0,17
BRDA:15,1,1,10
BRF:4
BRH:4
end_of_record
