TN:
SF:AONJ - 4 - sum of 2 element in array.js
FN:1,getSumof2element
FNF:1
FNH:1
FNDA:3,getSumof2element
DA:2,3
DA:3,3
DA:4,3
DA:5,3
DA:6,13
DA:7,13
DA:8,3
DA:9,3
DA:10,3
DA:13,10
DA:14,6
DA:16,4
DA:18,3
DA:20,1
LF:14
LH:14
BRDA:7,0,0,3
BRDA:7,0,1,10
BRDA:13,1,0,6
BRDA:13,1,1,4
BRF:4
BRH:4
end_of_record
TN:
SF:AONJ - 4 - sum of 3 element in array.js
FN:1,getSumof3element
FNF:1
FNH:1
FNDA:3,getSumof3element
DA:2,3
DA:3,3
DA:4,3
DA:5,12
DA:6,12
DA:7,12
DA:8,29
DA:9,29
DA:10,2
DA:11,2
DA:12,2
DA:15,27
DA:16,17
DA:18,10
DA:20,12
DA:22,3
DA:24,1
LF:17
LH:17
BRDA:9,0,0,2
BRDA:9,0,1,27
BRDA:15,1,0,17
BRDA:15,1,1,10
BRF:4
BRH:4
end_of_record
